<?xml version="1.0" encoding="UTF-8"?>
<!-- Generated by org.testng.reporters.JUnitReportReporter -->
<testsuite hostname="DESKTOP-PM2GH2O" failures="0" tests="3" name="exam.TestRunner" time="0.223" errors="0" timestamp="2021-12-29T16:24:54 IST" skipped="0">
  <testcase classname="exam.TestRunner" name="runScenario" time="0.009"/>
  <system-out/>
  <testcase classname="exam.TestRunner" name="runScenario" time="0.203"/>
  <system-out/>
  <testcase classname="exam.TestRunner" name="runScenario" time="0.011"/>
  <system-out/>
</testsuite> <!-- exam.TestRunner -->
